In file included from /Users/giuseppe/Desktop/Research/ProASP/glucose-4.2.1/sources/simp/../simp/generators/Generator.cc:1:
/Users/giuseppe/Desktop/Research/ProASP/glucose-4.2.1/sources/simp/../simp/generators/../solver/Generator.h:14:17: warning: delete called on 'AbstractGenerator' that is abstract but has non-virtual destructor [-Wdelete-abstract-non-virtual-dtor]
                delete gen;
                ^
In file included from /Users/giuseppe/Desktop/Research/ProASP/glucose-4.2.1/sources/simp/../simp/propagators/Propagator.cc:1:
In file included from /Users/giuseppe/Desktop/Research/ProASP/glucose-4.2.1/sources/simp/../simp/propagators/../solver/Propagator.h:6:
In file included from /Users/giuseppe/Desktop/Research/ProASP/glucose-4.2.1/sources/simp/../simp/propagators/../solver/AuxMapHandler.h:4:
In file included from /Users/giuseppe/Desktop/Research/ProASP/glucose-4.2.1/sources/simp/../simp/propagators/../solver/../datastructures/AuxiliaryMapSmart.h:50:
/Users/giuseppe/Desktop/Research/ProASP/glucose-4.2.1/sources/simp/../simp/propagators/../solver/../datastructures/TupleLight.h:40:38: warning: initializer order does not match the declaration order [-Wreorder-ctor]
    TupleLight() : predicateName(-1),waspID(0),id(-INT_MAX),size_(0),content(NULL),status(UNKNOWN),collisionsListsSize(0) {
                                     ^~~~~~~~~              ~~~~~~~~               ~~~~~~~~~~~~~~~
                                     status(UNKNOWN)        waspID(0)              size_(0)
/Users/giuseppe/Desktop/Research/ProASP/glucose-4.2.1/sources/simp/../simp/propagators/../solver/../datastructures/TupleLight.h:40:38: note: field 'waspID' will be initialized after field 'id'
    TupleLight() : predicateName(-1),waspID(0),id(-INT_MAX),size_(0),content(NULL),status(UNKNOWN),collisionsListsSize(0) {
                                     ^~~~~~~~~
/Users/giuseppe/Desktop/Research/ProASP/glucose-4.2.1/sources/simp/../simp/propagators/../solver/../datastructures/TupleLight.h:40:61: note: field 'size_' will be initialized after field 'content'
    TupleLight() : predicateName(-1),waspID(0),id(-INT_MAX),size_(0),content(NULL),status(UNKNOWN),collisionsListsSize(0) {
                                                            ^~~~~~~~
/Users/giuseppe/Desktop/Research/ProASP/glucose-4.2.1/sources/simp/../simp/propagators/../solver/../datastructures/TupleLight.h:40:70: note: field 'content' will be initialized after field 'status'
    TupleLight() : predicateName(-1),waspID(0),id(-INT_MAX),size_(0),content(NULL),status(UNKNOWN),collisionsListsSize(0) {
                                                                     ^~~~~~~~~~~~~
/Users/giuseppe/Desktop/Research/ProASP/glucose-4.2.1/sources/simp/../simp/propagators/../solver/../datastructures/TupleLight.h:43:105: warning: initializer order does not match the declaration order [-Wreorder-ctor]
    TupleLight(int predicateName, bool negated = false, int waspID = 0) : predicateName(predicateName), waspID(waspID),id(-INT_MAX),size_(0),content(NULL),status(UNKNOWN),collisionsListsSize(0) {
                                                                                                        ^~~~~~~~~~~~~~              ~~~~~~~~               ~~~~~~~~~~~~~~~
                                                                                                        status(UNKNOWN)             waspID(waspID)         size_(0)
/Users/giuseppe/Desktop/Research/ProASP/glucose-4.2.1/sources/simp/../simp/propagators/../solver/../datastructures/TupleLight.h:43:105: note: field 'waspID' will be initialized after field 'id'
    TupleLight(int predicateName, bool negated = false, int waspID = 0) : predicateName(predicateName), waspID(waspID),id(-INT_MAX),size_(0),content(NULL),status(UNKNOWN),collisionsListsSize(0) {
                                                                                                        ^~~~~~~~~~~~~~
/Users/giuseppe/Desktop/Research/ProASP/glucose-4.2.1/sources/simp/../simp/propagators/../solver/../datastructures/TupleLight.h:43:133: note: field 'size_' will be initialized after field 'content'
    TupleLight(int predicateName, bool negated = false, int waspID = 0) : predicateName(predicateName), waspID(waspID),id(-INT_MAX),size_(0),content(NULL),status(UNKNOWN),collisionsListsSize(0) {
                                                                                                                                    ^~~~~~~~
/Users/giuseppe/Desktop/Research/ProASP/glucose-4.2.1/sources/simp/../simp/propagators/../solver/../datastructures/TupleLight.h:43:142: note: field 'content' will be initialized after field 'status'
    TupleLight(int predicateName, bool negated = false, int waspID = 0) : predicateName(predicateName), waspID(waspID),id(-INT_MAX),size_(0),content(NULL),status(UNKNOWN),collisionsListsSize(0) {
                                                                                                                                             ^~~~~~~~~~~~~
/Users/giuseppe/Desktop/Research/ProASP/glucose-4.2.1/sources/simp/../simp/propagators/../solver/../datastructures/TupleLight.h:45:148: warning: initializer order does not match the declaration order [-Wreorder-ctor]
    TupleLight(int predicateName,std::vector<int> v, bool negated = false, int waspID = 0) : predicateName(predicateName),/*std::vector<int>(v),*/ waspID(waspID),id(-INT_MAX),size_(v.size()),status(UNKNOWN),collisionsListsSize(0) {
                                                                                                                                                   ^~~~~~~~~~~~~~              ~~~~~~~~~~~~~~~ ~~~~~~~~~~~~~~~
                                                                                                                                                   status(UNKNOWN)             waspID(waspID)  size_(v.size())
/Users/giuseppe/Desktop/Research/ProASP/glucose-4.2.1/sources/simp/../simp/propagators/../solver/../datastructures/TupleLight.h:45:148: note: field 'waspID' will be initialized after field 'id'
    TupleLight(int predicateName,std::vector<int> v, bool negated = false, int waspID = 0) : predicateName(predicateName),/*std::vector<int>(v),*/ waspID(waspID),id(-INT_MAX),size_(v.size()),status(UNKNOWN),collisionsListsSize(0) {
                                                                                                                                                   ^~~~~~~~~~~~~~
/Users/giuseppe/Desktop/Research/ProASP/glucose-4.2.1/sources/simp/../simp/propagators/../solver/../datastructures/TupleLight.h:45:176: note: field 'size_' will be initialized after field 'status'
    TupleLight(int predicateName,std::vector<int> v, bool negated = false, int waspID = 0) : predicateName(predicateName),/*std::vector<int>(v),*/ waspID(waspID),id(-INT_MAX),size_(v.size()),status(UNKNOWN),collisionsListsSize(0) {
                                                                                                                                                                               ^~~~~~~~~~~~~~~
/Users/giuseppe/Desktop/Research/ProASP/glucose-4.2.1/sources/simp/../simp/propagators/../solver/../datastructures/TupleLight.h:50:42: warning: initializer order does not match the declaration order [-Wreorder-ctor]
    TupleLight(const TupleLight& orig) : size_(orig.size()), /*std::vector<int>(orig),*/ predicateName(orig.predicateName), id(orig.id), waspID(orig.waspID),status(orig.status),collisionsListsSize(orig.collisionsListsSize) {
                                         ^~~~~~~~~~~~~~~~~~                              ~~~~~~~~~~~~~~~~~~~~~~~~~~~~~~~~~                                   ~~~~~~~~~~~~~~~~~~~
                                         predicateName(orig.predicateName)               status(orig.status)                                                 size_(orig.size())
/Users/giuseppe/Desktop/Research/ProASP/glucose-4.2.1/sources/simp/../simp/propagators/../solver/../datastructures/TupleLight.h:50:42: note: field 'size_' will be initialized after field 'predicateName'
    TupleLight(const TupleLight& orig) : size_(orig.size()), /*std::vector<int>(orig),*/ predicateName(orig.predicateName), id(orig.id), waspID(orig.waspID),status(orig.status),collisionsListsSize(orig.collisionsListsSize) {
                                         ^~~~~~~~~~~~~~~~~~
/Users/giuseppe/Desktop/Research/ProASP/glucose-4.2.1/sources/simp/../simp/propagators/../solver/../datastructures/TupleLight.h:50:138: note: field 'waspID' will be initialized after field 'status'
    TupleLight(const TupleLight& orig) : size_(orig.size()), /*std::vector<int>(orig),*/ predicateName(orig.predicateName), id(orig.id), waspID(orig.waspID),status(orig.status),collisionsListsSize(orig.collisionsListsSize) {
                                                                                                                                         ^~~~~~~~~~~~~~~~~~~
/Users/giuseppe/Desktop/Research/ProASP/glucose-4.2.1/sources/simp/../simp/propagators/../solver/../datastructures/TupleLight.h:62:30: warning: initializer order does not match the declaration order [-Wreorder-ctor]
    /*std::vector<int>(l),*/ size_(l.size()), predicateName(-1), waspID(waspID),id(-INT_MAX),status(UNKNOWN),collisionsListsSize(0) {
                             ^~~~~~~~~~~~~~~  ~~~~~~~~~~~~~~~~~  ~~~~~~~~~~~~~~ ~~~~~~~~~~~~ ~~~~~~~~~~~~~~~
                             predicateName(-1)status(UNKNOWN)    id(-INT_MAX)   waspID(waspID) size_(l.size())
/Users/giuseppe/Desktop/Research/ProASP/glucose-4.2.1/sources/simp/../simp/propagators/../solver/../datastructures/TupleLight.h:62:30: note: field 'size_' will be initialized after field 'predicateName'
    /*std::vector<int>(l),*/ size_(l.size()), predicateName(-1), waspID(waspID),id(-INT_MAX),status(UNKNOWN),collisionsListsSize(0) {
                             ^~~~~~~~~~~~~~~
/Users/giuseppe/Desktop/Research/ProASP/glucose-4.2.1/sources/simp/../simp/propagators/../solver/../datastructures/TupleLight.h:62:66: note: field 'waspID' will be initialized after field 'id'
    /*std::vector<int>(l),*/ size_(l.size()), predicateName(-1), waspID(waspID),id(-INT_MAX),status(UNKNOWN),collisionsListsSize(0) {
                                                                 ^~~~~~~~~~~~~~
/Users/giuseppe/Desktop/Research/ProASP/glucose-4.2.1/sources/simp/../simp/propagators/../solver/../datastructures/TupleLight.h:62:81: note: field 'id' will be initialized after field 'status'
In file included from /Users/giuseppe/Desktop/Research/ProASP/glucose-4.2.1/sources/simp/../simp/generators/Generator.cc:3:
In file included from /Users/giuseppe/Desktop/Research/ProASP/glucose-4.2.1/sources/simp/../simp/generators/../generators/Comp_1_Gen.h:4:
In file included from /Users/giuseppe/Desktop/Research/ProASP/glucose-4.2.1/sources/simp/../simp/generators/../datastructures/TupleFactory.h:23:
/Users/giuseppe/Desktop/Research/ProASP/glucose-4.2.1/sources/simp/../simp/generators/../datastructures/TupleLight.h:40:38: warning: initializer order does not match the declaration order [-Wreorder-ctor]
    /*std::vector<int>(l),*/ size_(l.size()), predicateName(-1), waspID(waspID),id(-INT_MAX),status(UNKNOWN),collisionsListsSize(0) {
                                                                                ^~~~~~~~~~~~
    TupleLight() : predicateName(-1),waspID(0),id(-INT_MAX),size_(0),content(NULL),status(UNKNOWN),collisionsListsSize(0) {
                                     ^~~~~~~~~              ~~~~~~~~               ~~~~~~~~~~~~~~~
                                     status(UNKNOWN)        waspID(0)              size_(0)
/Users/giuseppe/Desktop/Research/ProASP/glucose-4.2.1/sources/simp/../simp/generators/../datastructures/TupleLight.h:40:38: note: field 'waspID' will be initialized after field 'id'
    TupleLight() : predicateName(-1),waspID(0),id(-INT_MAX),size_(0),content(NULL),status(UNKNOWN),collisionsListsSize(0) {
                                     ^~~~~~~~~
/Users/giuseppe/Desktop/Research/ProASP/glucose-4.2.1/sources/simp/../simp/generators/../datastructures/TupleLight.h:40:61: note: field 'size_' will be initialized after field 'content'
    TupleLight() : predicateName(-1),waspID(0),id(-INT_MAX),size_(0),content(NULL),status(UNKNOWN),collisionsListsSize(0) {
                                                            ^~~~~~~~
/Users/giuseppe/Desktop/Research/ProASP/glucose-4.2.1/sources/simp/../simp/generators/../datastructures/TupleLight.h:40:70: /Users/giuseppe/Desktop/Research/ProASP/glucose-4.2.1/sources/simp/../simp/propagators/../solver/../datastructures/TupleLight.h:68:25: warning: initializer order does not match the declaration order [-Wreorder-ctor]
note:     /*vector<int>(l),*/ size_(l.size()), predicateName(predicateName), waspID(waspID),id(-INT_MAX),status(UNKNOWN),collisionsListsSize(0) {
                        ^~~~~~~~~~~~~~~  ~~~~~~~~~~~~~~~~~~~~~~~~~~~~  ~~~~~~~~~~~~~~ ~~~~~~~~~~~~ ~~~~~~~~~~~~~~~
                        predicateName(predicateName) status(UNKNOWN)   id(-INT_MAX)   waspID(waspID) size_(l.size())
field 'content' will be initialized after field 'status'
/Users/giuseppe/Desktop/Research/ProASP/glucose-4.2.1/sources/simp/../simp/propagators/../solver/../datastructures/TupleLight.h:68:25: note: field 'size_' will be initialized after field 'predicateName'
    TupleLight() : predicateName(-1),waspID(0),id(-INT_MAX),size_(0),content(NULL),status(UNKNOWN),collisionsListsSize(0) {
                                                                     ^~~~~~~~~~~~~
    /*vector<int>(l),*/ size_(l.size()), predicateName(predicateName), waspID(waspID),id(-INT_MAX),status(UNKNOWN),collisionsListsSize(0) {
                        ^~~~~~~~~~~~~~~
/Users/giuseppe/Desktop/Research/ProASP/glucose-4.2.1/sources/simp/../simp/propagators/../solver/../datastructures/TupleLight.h:68:72: note: field 'waspID' will be initialized after field 'id'
    /*vector<int>(l),*/ size_(l.size()), predicateName(predicateName), waspID(waspID),id(-INT_MAX),status(UNKNOWN),collisionsListsSize(0) {
                                                                       ^~~~~~~~~~~~~~
/Users/giuseppe/Desktop/Research/ProASP/glucose-4.2.1/sources/simp/../simp/propagators/../solver/../datastructures/TupleLight.h:68:87: note: field 'id' will be initialized after field 'status'
    /*vector<int>(l),*/ size_(l.size()), predicateName(predicateName), waspID(waspID),id(-INT_MAX),status(UNKNOWN),collisionsListsSize(0) {
                                                                                      ^~~~~~~~~~~~
/Users/giuseppe/Desktop/Research/ProASP/glucose-4.2.1/sources/simp/../simp/generators/../datastructures/TupleLight.h:43:105: warning: initializer order does not match the declaration order [-Wreorder-ctor]
    TupleLight(int predicateName, bool negated = false, int waspID = 0) : predicateName(predicateName), waspID(waspID),id(-INT_MAX),size_(0),content(NULL),status(UNKNOWN),collisionsListsSize(0) {
                                                                                                        ^~~~~~~~~~~~~~              ~~~~~~~~               ~~~~~~~~~~~~~~~
                                                                                                        status(UNKNOWN)             waspID(waspID)         size_(0)
/Users/giuseppe/Desktop/Research/ProASP/glucose-4.2.1/sources/simp/../simp/propagators/../solver/../datastructures/TupleLight.h:74:25: warning: initializer order does not match the declaration order [-Wreorder-ctor]
/Users/giuseppe/Desktop/Research/ProASP/glucose-4.2.1/sources/simp/../simp/generators/../datastructures/TupleLight.h:43:105: note: field 'waspID' will be initialized after field 'id'
    /*vector<int>(l),*/ size_(l.size()), predicateName(predicateName), waspID(waspID),id(-INT_MAX),status(UNKNOWN),collisionsListsSize(0) {
                        ^~~~~~~~~~~~~~~  ~~~~~~~~~~~~~~~~~~~~~~~~~~~~  ~~~~~~~~~~~~~~ ~~~~~~~~~~~~ ~~~~~~~~~~~~~~~
                        predicateName(predicateName) status(UNKNOWN)   id(-INT_MAX)   waspID(waspID) size_(l.size())
/Users/giuseppe/Desktop/Research/ProASP/glucose-4.2.1/sources/simp/../simp/propagators/../solver/../datastructures/TupleLight.h:74:25: note: field 'size_' will be initialized after field 'predicateName'
    TupleLight(int predicateName, bool negated = false, int waspID = 0) : predicateName(predicateName), waspID(waspID),id(-INT_MAX),size_(0),content(NULL),status(UNKNOWN),collisionsListsSize(0) {
                                                                                                        ^~~~~~~~~~~~~~
    /*vector<int>(l),*/ size_(l.size()), predicateName(predicateName), waspID(waspID),id(-INT_MAX),status(UNKNOWN),collisionsListsSize(0) {
                        ^~~~~~~~~~~~~~~
/Users/giuseppe/Desktop/Research/ProASP/glucose-4.2.1/sources/simp/../simp/propagators/../solver/../datastructures/TupleLight.h:74:72: note: field 'waspID' will be initialized after field 'id'
/Users/giuseppe/Desktop/Research/ProASP/glucose-4.2.1/sources/simp/../simp/generators/../datastructures/TupleLight.h:43:133: note: field 'size_' will be initialized after field 'content'
    /*vector<int>(l),*/ size_(l.size()), predicateName(predicateName), waspID(waspID),id(-INT_MAX),status(UNKNOWN),collisionsListsSize(0) {
                                                                       ^~~~~~~~~~~~~~
/Users/giuseppe/Desktop/Research/ProASP/glucose-4.2.1/sources/simp/../simp/propagators/../solver/../datastructures/TupleLight.h:74:87: note: field 'id' will be initialized after field 'status'
    TupleLight(int predicateName, bool negated = false, int waspID = 0) : predicateName(predicateName), waspID(waspID),id(-INT_MAX),size_(0),content(NULL),status(UNKNOWN),collisionsListsSize(0) {
                                                                                                                                    ^~~~~~~~
/Users/giuseppe/Desktop/Research/ProASP/glucose-4.2.1/sources/simp/../simp/generators/../datastructures/TupleLight.h:43:142: note: field 'content' will be initialized after field 'status'
    /*vector<int>(l),*/ size_(l.size()), predicateName(predicateName), waspID(waspID),id(-INT_MAX),status(UNKNOWN),collisionsListsSize(0) {
                                                                                      ^~~~~~~~~~~~
    TupleLight(int predicateName, bool negated = false, int waspID = 0) : predicateName(predicateName), waspID(waspID),id(-INT_MAX),size_(0),content(NULL),status(UNKNOWN),collisionsListsSize(0) {
                                                                                                                                             ^~~~~~~~~~~~~
/Users/giuseppe/Desktop/Research/ProASP/glucose-4.2.1/sources/simp/../simp/propagators/../solver/../datastructures/TupleLight.h:81:25: warning: initializer order does not match the declaration order [-Wreorder-ctor]
    /*vector<int>(l),*/ size_(size), predicateName(predicateName), waspID(waspID),id(-INT_MAX),status(UNKNOWN),collisionsListsSize(0){
                        ^~~~~~~~~~~  ~~~~~~~~~~~~~~~~~~~~~~~~~~~~  ~~~~~~~~~~~~~~ ~~~~~~~~~~~~ ~~~~~~~~~~~~~~~
                        predicateName(predicateName) status(UNKNOWN) id(-INT_MAX) waspID(waspID) size_(size)
/Users/giuseppe/Desktop/Research/ProASP/glucose-4.2.1/sources/simp/../simp/propagators/../solver/../datastructures/TupleLight.h:81:25: note: field 'size_' will be initialized after field 'predicateName'
    /*vector<int>(l),*/ size_(size), predicateName(predicateName), waspID(waspID),id(-INT_MAX),status(UNKNOWN),collisionsListsSize(0){
                        ^~~~~~~~~~~
/Users/giuseppe/Desktop/Research/ProASP/glucose-4.2.1/sources/simp/../simp/propagators/../solver/../datastructures/TupleLight.h:81:68: note: field 'waspID' will be initialized after field 'id'
    /*vector<int>(l),*/ size_(size), predicateName(predicateName), waspID(waspID),id(-INT_MAX),status(UNKNOWN),collisionsListsSize(0){
                                                                   ^~~~~~~~~~~~~~
/Users/giuseppe/Desktop/Research/ProASP/glucose-4.2.1/sources/simp/../simp/propagators/../solver/../datastructures/TupleLight.h:81:83: note: field 'id' will be initialized after field 'status'
    /*vector<int>(l),*/ size_(size), predicateName(predicateName), waspID(waspID),id(-INT_MAX),status(UNKNOWN),collisionsListsSize(0){
                                                                                  ^~~~~~~~~~~~
/Users/giuseppe/Desktop/Research/ProASP/glucose-4.2.1/sources/simp/../simp/propagators/../solver/../datastructures/TupleLight.h:85:25: warning: initializer order does not match the declaration order [-Wreorder-ctor]
    /*vector<int>(l),*/ size_(l.size()), waspID(waspID),id(-INT_MAX),status(UNKNOWN),collisionsListsSize(0) {
                        ^~~~~~~~~~~~~~~  ~~~~~~~~~~~~~~ ~~~~~~~~~~~~ ~~~~~~~~~~~~~~~
                        status(UNKNOWN)  id(-INT_MAX)   waspID(waspID) size_(l.size())
/Users/giuseppe/Desktop/Research/ProASP/glucose-4.2.1/sources/simp/../simp/propagators/../solver/../datastructures/TupleLight.h:85:25: note: field 'size_' will be initialized after field 'waspID'
    /*vector<int>(l),*/ size_(l.size()), waspID(waspID),id(-INT_MAX),status(UNKNOWN),collisionsListsSize(0) {
                        ^~~~~~~~~~~~~~~
/Users/giuseppe/Desktop/Research/ProASP/glucose-4.2.1/sources/simp/../simp/propagators/../solver/../datastructures/TupleLight.h:85:42: note: field 'waspID' will be initialized after field 'id'
    /*vector<int>(l),*/ size_(l.size()), waspID(waspID),id(-INT_MAX),status(UNKNOWN),collisionsListsSize(0) {
                                         ^~~~~~~~~~~~~~
/Users/giuseppe/Desktop/Research/ProASP/glucose-4.2.1/sources/simp/../simp/propagators/../solver/../datastructures/TupleLight.h:85:57: note: field 'id' will be initialized after field 'status'
    /*vector<int>(l),*/ size_(l.size()), waspID(waspID),id(-INT_MAX),status(UNKNOWN),collisionsListsSize(0) {
                                                        ^~~~~~~~~~~~
/Users/giuseppe/Desktop/Research/ProASP/glucose-4.2.1/sources/simp/../simp/generators/../datastructures/TupleLight.h:45:148: warning: initializer order does not match the declaration order [-Wreorder-ctor]
    TupleLight(int predicateName,std::vector<int> v, bool negated = false, int waspID = 0) : predicateName(predicateName),/*std::vector<int>(v),*/ waspID(waspID),id(-INT_MAX),size_(v.size()),status(UNKNOWN),collisionsListsSize(0) {
                                                                                                                                                   ^~~~~~~~~~~~~~              ~~~~~~~~~~~~~~~ ~~~~~~~~~~~~~~~
                                                                                                                                                   status(UNKNOWN)             waspID(waspID)  size_(v.size())
/Users/giuseppe/Desktop/Research/ProASP/glucose-4.2.1/sources/simp/../simp/generators/../datastructures/TupleLight.h:45:148: note: field 'waspID' will be initialized after field 'id'
    TupleLight(int predicateName,std::vector<int> v, bool negated = false, int waspID = 0) : predicateName(predicateName),/*std::vector<int>(v),*/ waspID(waspID),id(-INT_MAX),size_(v.size()),status(UNKNOWN),collisionsListsSize(0) {
                                                                                                                                                   ^~~~~~~~~~~~~~
/Users/giuseppe/Desktop/Research/ProASP/glucose-4.2.1/sources/simp/../simp/generators/../datastructures/TupleLight.h:45:176: note: field 'size_' will be initialized after field 'status'
    TupleLight(int predicateName,std::vector<int> v, bool negated = false, int waspID = 0) : predicateName(predicateName),/*std::vector<int>(v),*/ waspID(waspID),id(-INT_MAX),size_(v.size()),status(UNKNOWN),collisionsListsSize(0) {
                                                                                                                                                                               ^~~~~~~~~~~~~~~
/Users/giuseppe/Desktop/Research/ProASP/glucose-4.2.1/sources/simp/../simp/generators/../datastructures/TupleLight.h:50:42: warning: initializer order does not match the declaration order [-Wreorder-ctor]
    TupleLight(const TupleLight& orig) : size_(orig.size()), /*std::vector<int>(orig),*/ predicateName(orig.predicateName), id(orig.id), waspID(orig.waspID),status(orig.status),collisionsListsSize(orig.collisionsListsSize) {
                                         ^~~~~~~~~~~~~~~~~~                              ~~~~~~~~~~~~~~~~~~~~~~~~~~~~~~~~~                                   ~~~~~~~~~~~~~~~~~~~
                                         predicateName(orig.predicateName)               status(orig.status)                                                 size_(orig.size())
/Users/giuseppe/Desktop/Research/ProASP/glucose-4.2.1/sources/simp/../simp/generators/../datastructures/TupleLight.h:50:42: note: field 'size_' will be initialized after field 'predicateName'
    TupleLight(const TupleLight& orig) : size_(orig.size()), /*std::vector<int>(orig),*/ predicateName(orig.predicateName), id(orig.id), waspID(orig.waspID),status(orig.status),collisionsListsSize(orig.collisionsListsSize) {
                                         ^~~~~~~~~~~~~~~~~~
/Users/giuseppe/Desktop/Research/ProASP/glucose-4.2.1/sources/simp/../simp/generators/../datastructures/TupleLight.h:50:138: note: field 'waspID' will be initialized after field 'status'
    TupleLight(const TupleLight& orig) : size_(orig.size()), /*std::vector<int>(orig),*/ predicateName(orig.predicateName), id(orig.id), waspID(orig.waspID),status(orig.status),collisionsListsSize(orig.collisionsListsSize) {
                                                                                                                                         ^~~~~~~~~~~~~~~~~~~
/Users/giuseppe/Desktop/Research/ProASP/glucose-4.2.1/sources/simp/../simp/generators/../datastructures/TupleLight.h:62:30: warning: initializer order does not match the declaration order [-Wreorder-ctor]
    /*std::vector<int>(l),*/ size_(l.size()), predicateName(-1), waspID(waspID),id(-INT_MAX),status(UNKNOWN),collisionsListsSize(0) {
                             ^~~~~~~~~~~~~~~  ~~~~~~~~~~~~~~~~~  ~~~~~~~~~~~~~~ ~~~~~~~~~~~~ ~~~~~~~~~~~~~~~
                             predicateName(-1)status(UNKNOWN)    id(-INT_MAX)   waspID(waspID) size_(l.size())
/Users/giuseppe/Desktop/Research/ProASP/glucose-4.2.1/sources/simp/../simp/generators/../datastructures/TupleLight.h:62:30: note: field 'size_' will be initialized after field 'predicateName'
    /*std::vector<int>(l),*/ size_(l.size()), predicateName(-1), waspID(waspID),id(-INT_MAX),status(UNKNOWN),collisionsListsSize(0) {
                             ^~~~~~~~~~~~~~~
/Users/giuseppe/Desktop/Research/ProASP/glucose-4.2.1/sources/simp/../simp/generators/../datastructures/TupleLight.h:62:66: note: field 'waspID' will be initialized after field 'id'
    /*std::vector<int>(l),*/ size_(l.size()), predicateName(-1), waspID(waspID),id(-INT_MAX),status(UNKNOWN),collisionsListsSize(0) {
                                                                 ^~~~~~~~~~~~~~
/Users/giuseppe/Desktop/Research/ProASP/glucose-4.2.1/sources/simp/../simp/generators/../datastructures/TupleLight.h:62:81: note: field 'id' will be initialized after field 'status'
    /*std::vector<int>(l),*/ size_(l.size()), predicateName(-1), waspID(waspID),id(-INT_MAX),status(UNKNOWN),collisionsListsSize(0) {
                                                                                ^~~~~~~~~~~~
/Users/giuseppe/Desktop/Research/ProASP/glucose-4.2.1/sources/simp/../simp/generators/../datastructures/TupleLight.h:68:25: warning: initializer order does not match the declaration order [-Wreorder-ctor]
    /*vector<int>(l),*/ size_(l.size()), predicateName(predicateName), waspID(waspID),id(-INT_MAX),status(UNKNOWN),collisionsListsSize(0) {
                        ^~~~~~~~~~~~~~~  ~~~~~~~~~~~~~~~~~~~~~~~~~~~~  ~~~~~~~~~~~~~~ ~~~~~~~~~~~~ ~~~~~~~~~~~~~~~
                        predicateName(predicateName) status(UNKNOWN)   id(-INT_MAX)   waspID(waspID) size_(l.size())
/Users/giuseppe/Desktop/Research/ProASP/glucose-4.2.1/sources/simp/../simp/generators/../datastructures/TupleLight.h:68:25: note: field 'size_' will be initialized after field 'predicateName'
    /*vector<int>(l),*/ size_(l.size()), predicateName(predicateName), waspID(waspID),id(-INT_MAX),status(UNKNOWN),collisionsListsSize(0) {
                        ^~~~~~~~~~~~~~~
/Users/giuseppe/Desktop/Research/ProASP/glucose-4.2.1/sources/simp/../simp/generators/../datastructures/TupleLight.h:68:72: note: field 'waspID' will be initialized after field 'id'
    /*vector<int>(l),*/ size_(l.size()), predicateName(predicateName), waspID(waspID),id(-INT_MAX),status(UNKNOWN),collisionsListsSize(0) {
                                                                       ^~~~~~~~~~~~~~
/Users/giuseppe/Desktop/Research/ProASP/glucose-4.2.1/sources/simp/../simp/generators/../datastructures/TupleLight.h:68:87: note: field 'id' will be initialized after field 'status'
    /*vector<int>(l),*/ size_(l.size()), predicateName(predicateName), waspID(waspID),id(-INT_MAX),status(UNKNOWN),collisionsListsSize(0) {
                                                                                      ^~~~~~~~~~~~
/Users/giuseppe/Desktop/Research/ProASP/glucose-4.2.1/sources/simp/../simp/generators/../datastructures/TupleLight.h:74:25: warning: initializer order does not match the declaration order [-Wreorder-ctor]
    /*vector<int>(l),*/ size_(l.size()), predicateName(predicateName), waspID(waspID),id(-INT_MAX),status(UNKNOWN),collisionsListsSize(0) {
                        ^~~~~~~~~~~~~~~  ~~~~~~~~~~~~~~~~~~~~~~~~~~~~  ~~~~~~~~~~~~~~ ~~~~~~~~~~~~ ~~~~~~~~~~~~~~~
                        predicateName(predicateName) status(UNKNOWN)   id(-INT_MAX)   waspID(waspID) size_(l.size())
/Users/giuseppe/Desktop/Research/ProASP/glucose-4.2.1/sources/simp/../simp/generators/../datastructures/TupleLight.h:74:25: note: field 'size_' will be initialized after field 'predicateName'
    /*vector<int>(l),*/ size_(l.size()), predicateName(predicateName), waspID(waspID),id(-INT_MAX),status(UNKNOWN),collisionsListsSize(0) {
                        ^~~~~~~~~~~~~~~
/Users/giuseppe/Desktop/Research/ProASP/glucose-4.2.1/sources/simp/../simp/generators/../datastructures/TupleLight.h:74:72: note: field 'waspID' will be initialized after field 'id'
    /*vector<int>(l),*/ size_(l.size()), predicateName(predicateName), waspID(waspID),id(-INT_MAX),status(UNKNOWN),collisionsListsSize(0) {
                                                                       ^~~~~~~~~~~~~~
/Users/giuseppe/Desktop/Research/ProASP/glucose-4.2.1/sources/simp/../simp/generators/../datastructures/TupleLight.h:74:87: note: field 'id' will be initialized after field 'status'
    /*vector<int>(l),*/ size_(l.size()), predicateName(predicateName), waspID(waspID),id(-INT_MAX),status(UNKNOWN),collisionsListsSize(0) {
                                                                                      ^~~~~~~~~~~~
/Users/giuseppe/Desktop/Research/ProASP/glucose-4.2.1/sources/simp/../simp/generators/../datastructures/TupleLight.h:81:25: warning: initializer order does not match the declaration order [-Wreorder-ctor]
    /*vector<int>(l),*/ size_(size), predicateName(predicateName), waspID(waspID),id(-INT_MAX),status(UNKNOWN),collisionsListsSize(0){
                        ^~~~~~~~~~~  ~~~~~~~~~~~~~~~~~~~~~~~~~~~~  ~~~~~~~~~~~~~~ ~~~~~~~~~~~~ ~~~~~~~~~~~~~~~
                        predicateName(predicateName) status(UNKNOWN) id(-INT_MAX) waspID(waspID) size_(size)
/Users/giuseppe/Desktop/Research/ProASP/glucose-4.2.1/sources/simp/../simp/generators/../datastructures/TupleLight.h:81:25: note: field 'size_' will be initialized after field 'predicateName'
    /*vector<int>(l),*/ size_(size), predicateName(predicateName), waspID(waspID),id(-INT_MAX),status(UNKNOWN),collisionsListsSize(0){
                        ^~~~~~~~~~~
/Users/giuseppe/Desktop/Research/ProASP/glucose-4.2.1/sources/simp/../simp/generators/../datastructures/TupleLight.h:81:68: note: field 'waspID' will be initialized after field 'id'
    /*vector<int>(l),*/ size_(size), predicateName(predicateName), waspID(waspID),id(-INT_MAX),status(UNKNOWN),collisionsListsSize(0){
                                                                   ^~~~~~~~~~~~~~
/Users/giuseppe/Desktop/Research/ProASP/glucose-4.2.1/sources/simp/../simp/generators/../datastructures/TupleLight.h:81:83: note: field 'id' will be initialized after field 'status'
    /*vector<int>(l),*/ size_(size), predicateName(predicateName), waspID(waspID),id(-INT_MAX),status(UNKNOWN),collisionsListsSize(0){
                                                                                  ^~~~~~~~~~~~
/Users/giuseppe/Desktop/Research/ProASP/glucose-4.2.1/sources/simp/../simp/generators/../datastructures/TupleLight.h:85:25: warning: initializer order does not match the declaration order [-Wreorder-ctor]
    /*vector<int>(l),*/ size_(l.size()), waspID(waspID),id(-INT_MAX),status(UNKNOWN),collisionsListsSize(0) {
                        ^~~~~~~~~~~~~~~  ~~~~~~~~~~~~~~ ~~~~~~~~~~~~ ~~~~~~~~~~~~~~~
                        status(UNKNOWN)  id(-INT_MAX)   waspID(waspID) size_(l.size())
/Users/giuseppe/Desktop/Research/ProASP/glucose-4.2.1/sources/simp/../simp/generators/../datastructures/TupleLight.h:85:25: note: field 'size_' will be initialized after field 'waspID'
    /*vector<int>(l),*/ size_(l.size()), waspID(waspID),id(-INT_MAX),status(UNKNOWN),collisionsListsSize(0) {
                        ^~~~~~~~~~~~~~~
/Users/giuseppe/Desktop/Research/ProASP/glucose-4.2.1/sources/simp/../simp/generators/../datastructures/TupleLight.h:85:42: note: field 'waspID' will be initialized after field 'id'
    /*vector<int>(l),*/ size_(l.size()), waspID(waspID),id(-INT_MAX),status(UNKNOWN),collisionsListsSize(0) {
                                         ^~~~~~~~~~~~~~
/Users/giuseppe/Desktop/Research/ProASP/glucose-4.2.1/sources/simp/../simp/generators/../datastructures/TupleLight.h:85:57: note: field 'id' will be initialized after field 'status'
    /*vector<int>(l),*/ size_(l.size()), waspID(waspID),id(-INT_MAX),status(UNKNOWN),collisionsListsSize(0) {
                                                        ^~~~~~~~~~~~
In file included from /Users/giuseppe/Desktop/Research/ProASP/glucose-4.2.1/sources/simp/../simp/generators/Generator.cc:3:
In file included from /Users/giuseppe/Desktop/Research/ProASP/glucose-4.2.1/sources/simp/../simp/generators/../generators/Comp_1_Gen.h:4:
/Users/giuseppe/Desktop/Research/ProASP/glucose-4.2.1/sources/simp/../simp/generators/../datastructures/TupleFactory.h:312:21: warning: variable 'minLoadedBucket' set but not used [-Wunused-but-set-variable]
                int minLoadedBucket=0;
                    ^
/Users/giuseppe/Desktop/Research/ProASP/glucose-4.2.1/sources/simp/../simp/generators/../datastructures/TupleFactory.h:310:21: warning: variable 'mostLoadedBucket' set but not used [-Wunused-but-set-variable]
                int mostLoadedBucket=0;
                    ^
In file included from /Users/giuseppe/Desktop/Research/ProASP/glucose-4.2.1/sources/simp/../simp/propagators/Propagator.cc:1:
In file included from /Users/giuseppe/Desktop/Research/ProASP/glucose-4.2.1/sources/simp/../simp/propagators/../solver/Propagator.h:6:
In file included from /Users/giuseppe/Desktop/Research/ProASP/glucose-4.2.1/sources/simp/../simp/propagators/../solver/AuxMapHandler.h:6:
/Users/giuseppe/Desktop/Research/ProASP/glucose-4.2.1/sources/simp/../simp/propagators/../solver/../datastructures/TupleFactory.h:310:21: warning: variable 'mostLoadedBucket' set but not used [-Wunused-but-set-variable]
                int mostLoadedBucket=0;
                    ^
/Users/giuseppe/Desktop/Research/ProASP/glucose-4.2.1/sources/simp/../simp/propagators/../solver/../datastructures/TupleFactory.h:312:21: warning: variable 'minLoadedBucket' set but not used [-Wunused-but-set-variable]
                int minLoadedBucket=0;
                    ^
In file included from /Users/giuseppe/Desktop/Research/ProASP/glucose-4.2.1/sources/simp/../simp/propagators/Propagator.cc:1:
/Users/giuseppe/Desktop/Research/ProASP/glucose-4.2.1/sources/simp/../simp/propagators/../solver/Propagator.h:19:17: warning: delete called on 'AbstractPropagator' that is abstract but has non-virtual destructor [-Wdelete-abstract-non-virtual-dtor]
                delete prop;
                ^
In file included from /Users/giuseppe/Desktop/Research/ProASP/glucose-4.2.1/sources/simp/../simp/propagators/Propagator.cc:3:
/Users/giuseppe/Desktop/Research/ProASP/glucose-4.2.1/sources/simp/../simp/propagators/../propagators/Rule_0_Propagator.h:40:29: warning: unused variable 'X_1' [-Wunused-variable]
                        int X_1 = tuple_0->at(0);
                            ^
In file included from /Users/giuseppe/Desktop/Research/ProASP/glucose-4.2.1/sources/simp/../simp/generators/Generator.cc:5:
/Users/giuseppe/Desktop/Research/ProASP/glucose-4.2.1/sources/simp/../simp/generators/../generators/Comp_0_Gen.h:56:29: warning: unused variable 'X_0' [-Wunused-variable]
                        int X_0 = tuple_0->at(0);
                            ^
/Users/giuseppe/Desktop/Research/ProASP/glucose-4.2.1/sources/simp/../simp/propagators/../propagators/Rule_0_Propagator.h:97:21: warning: unused variable 'X_1' [-Wunused-variable]
                int X_1 = starter->at(0);
                    ^
/Users/giuseppe/Desktop/Research/ProASP/glucose-4.2.1/sources/simp/../simp/generators/../generators/Comp_0_Gen.h:164:29: warning: unused variable 'X_0' [-Wunused-variable]
                        int X_0 = starter->at(0);
                            ^
/Users/giuseppe/Desktop/Research/ProASP/glucose-4.2.1/sources/simp/../simp/propagators/../propagators/Rule_0_Propagator.h:163:25: warning: unused variable 'X_1' [-Wunused-variable]
                    int X_1 = tuple_0->at(0);
                        ^
In file included from /Users/giuseppe/Desktop/Research/ProASP/glucose-4.2.1/sources/simp/../simp/propagators/Propagator.cc:5:
/Users/giuseppe/Desktop/Research/ProASP/glucose-4.2.1/sources/simp/../simp/propagators/../propagators/Rule_1_Propagator.h:55:33: warning: unused variable 'X_1' [-Wunused-variable]
                            int X_1 = tuple_0->at(0);
                                ^
/Users/giuseppe/Desktop/Research/ProASP/glucose-4.2.1/sources/simp/../simp/propagators/../propagators/Rule_1_Propagator.h:56:33: warning: unused variable 'X_0' [-Wunused-variable]
                            int X_0 = tuple_0->at(1);
                                ^
/Users/giuseppe/Desktop/Research/ProASP/glucose-4.2.1/sources/simp/../simp/propagators/../propagators/Rule_1_Propagator.h:97:21: warning: unused variable 'X_1' [-Wunused-variable]
                int X_1 = starter->at(0);
                    ^
/Users/giuseppe/Desktop/Research/ProASP/glucose-4.2.1/sources/simp/../simp/propagators/../propagators/Rule_1_Propagator.h:98:21: warning: unused variable 'X_0' [-Wunused-variable]
                int X_0 = starter->at(1);
                    ^
/Users/giuseppe/Desktop/Research/ProASP/glucose-4.2.1/sources/simp/../simp/propagators/../propagators/Rule_1_Propagator.h:163:29: warning: unused variable 'X_1' [-Wunused-variable]
                        int X_1 = tuple_0->at(0);
                            ^
/Users/giuseppe/Desktop/Research/ProASP/glucose-4.2.1/sources/simp/../simp/propagators/../propagators/Rule_1_Propagator.h:164:29: warning: unused variable 'X_0' [-Wunused-variable]
                        int X_0 = tuple_0->at(1);
                            ^
In file included from /Users/giuseppe/Desktop/Research/ProASP/glucose-4.2.1/sources/simp/../simp/propagators/Propagator.cc:7:
/Users/giuseppe/Desktop/Research/ProASP/glucose-4.2.1/sources/simp/../simp/propagators/../propagators/Rule_2_Propagator.h:55:33: warning: unused variable 'X_1' [-Wunused-variable]
                            int X_1 = tuple_0->at(0);
                                ^
/Users/giuseppe/Desktop/Research/ProASP/glucose-4.2.1/sources/simp/../simp/propagators/../propagators/Rule_2_Propagator.h:56:33: warning: unused variable 'X_0' [-Wunused-variable]
                            int X_0 = tuple_0->at(1);
                                ^
/Users/giuseppe/Desktop/Research/ProASP/glucose-4.2.1/sources/simp/../simp/propagators/../propagators/Rule_2_Propagator.h:97:21: warning: unused variable 'X_1' [-Wunused-variable]
                int X_1 = starter->at(0);
                    ^
/Users/giuseppe/Desktop/Research/ProASP/glucose-4.2.1/sources/simp/../simp/propagators/../propagators/Rule_2_Propagator.h:98:21: warning: unused variable 'X_0' [-Wunused-variable]
                int X_0 = starter->at(1);
                    ^
/Users/giuseppe/Desktop/Research/ProASP/glucose-4.2.1/sources/simp/../simp/propagators/../propagators/Rule_2_Propagator.h:163:29: warning: unused variable 'X_1' [-Wunused-variable]
                        int X_1 = tuple_0->at(0);
                            ^
/Users/giuseppe/Desktop/Research/ProASP/glucose-4.2.1/sources/simp/../simp/propagators/../propagators/Rule_2_Propagator.h:164:29: warning: unused variable 'X_0' [-Wunused-variable]
                        int X_0 = tuple_0->at(1);
                            ^
In file included from /Users/giuseppe/Desktop/Research/ProASP/glucose-4.2.1/sources/simp/../simp/propagators/Propagator.cc:9:
/Users/giuseppe/Desktop/Research/ProASP/glucose-4.2.1/sources/simp/../simp/propagators/../propagators/Rule_3_Propagator.h:41:29: warning: unused variable 'X_0' [-Wunused-variable]
                        int X_0 = tuple_0->at(1);
                            ^
/Users/giuseppe/Desktop/Research/ProASP/glucose-4.2.1/sources/simp/../simp/propagators/../propagators/Rule_3_Propagator.h:98:21: warning: unused variable 'X_0' [-Wunused-variable]
                int X_0 = starter->at(1);
                    ^
/Users/giuseppe/Desktop/Research/ProASP/glucose-4.2.1/sources/simp/../simp/propagators/../propagators/Rule_3_Propagator.h:164:29: warning: unused variable 'X_0' [-Wunused-variable]
                        int X_0 = tuple_0->at(1);
                            ^
In file included from /Users/giuseppe/Desktop/Research/ProASP/glucose-4.2.1/sources/simp/../simp/propagators/Propagator.cc:13:
/Users/giuseppe/Desktop/Research/ProASP/glucose-4.2.1/sources/simp/../simp/propagators/../propagators/Rule_5_Propagator.h:37:37: warning: explicitly assigning value of variable of type 'int' to itself [-Wself-assign]
                                var = var;
                                ~~~ ^ ~~~
/Users/giuseppe/Desktop/Research/ProASP/glucose-4.2.1/sources/simp/../simp/propagators/../propagators/Rule_5_Propagator.h:84:33: warning: explicitly assigning value of variable of type 'int' to itself [-Wself-assign]
                            var = var;
                            ~~~ ^ ~~~
/Users/giuseppe/Desktop/Research/ProASP/glucose-4.2.1/sources/simp/../simp/propagators/../propagators/Rule_5_Propagator.h:141:37: warning: explicitly assigning value of variable of type 'int' to itself [-Wself-assign]
                                var = var;
                                ~~~ ^ ~~~
/Users/giuseppe/Desktop/Research/ProASP/glucose-4.2.1/sources/simp/../simp/propagators/../propagators/Rule_5_Propagator.h:201:37: warning: explicitly assigning value of variable of type 'int' to itself [-Wself-assign]
                                var = var;
                                ~~~ ^ ~~~
/Users/giuseppe/Desktop/Research/ProASP/glucose-4.2.1/sources/simp/../simp/propagators/../propagators/Rule_5_Propagator.h:232:45: warning: explicitly assigning value of variable of type 'int' to itself [-Wself-assign]
                                        var = var;
                                        ~~~ ^ ~~~
/Users/giuseppe/Desktop/Research/ProASP/glucose-4.2.1/sources/simp/../simp/propagators/../propagators/Rule_5_Propagator.h:181:21: warning: unused variable 'X_0' [-Wunused-variable]
                int X_0 = starter->at(0);
                    ^
In file included from /Users/giuseppe/Desktop/Research/ProASP/glucose-4.2.1/sources/simp/../simp/propagators/Propagator.cc:15:
/Users/giuseppe/Desktop/Research/ProASP/glucose-4.2.1/sources/simp/../simp/propagators/../propagators/Rule_6_Propagator.h:56:40: warning: self-comparison always evaluates to true [-Wtautological-compare]
                                if(X_2 == X_2){
                                       ^
/Users/giuseppe/Desktop/Research/ProASP/glucose-4.2.1/sources/simp/../simp/propagators/../propagators/Rule_6_Propagator.h:57:44: warning: self-comparison always evaluates to false [-Wtautological-compare]
                                    if(X_2 < X_2){
                                           ^
/Users/giuseppe/Desktop/Research/ProASP/glucose-4.2.1/sources/simp/../simp/propagators/../propagators/Rule_6_Propagator.h:119:32: warning: self-comparison always evaluates to true [-Wtautological-compare]
                        if(X_2 == X_2){
                               ^
/Users/giuseppe/Desktop/Research/ProASP/glucose-4.2.1/sources/simp/../simp/propagators/../propagators/Rule_6_Propagator.h:120:36: warning: self-comparison always evaluates to false [-Wtautological-compare]
                            if(X_2 < X_2){
                                   ^
/Users/giuseppe/Desktop/Research/ProASP/glucose-4.2.1/sources/simp/../simp/propagators/../propagators/Rule_6_Propagator.h:166:24: warning: self-comparison always evaluates to true [-Wtautological-compare]
                if(X_2 == X_2){
                       ^
/Users/giuseppe/Desktop/Research/ProASP/glucose-4.2.1/sources/simp/../simp/propagators/../propagators/Rule_6_Propagator.h:167:28: warning: self-comparison always evaluates to false [-Wtautological-compare]
                    if(X_2 < X_2){
                           ^
14 warnings generated.
42 warnings generated.
